Supported labels: *,10,12,13,14,15,16,17,18,1L,1M,20,21,22,24,25,26,2F,2P,30,33,36,39,3L,41,44,4A,4N,4T,52,58,5U,5Z,80,81,83,8E,A0,A3,A6,A9,AA,B0,B2,B6,B9,BA,C1,:;,H1,H2,HX,MA,QP,QQ,QR,QS,SA,SQ
[r1 offset=0] added=30 missing=87
[r2 offset=100] added=9 missing=87
[r3 offset=200] added=10 missing=87
[r4 offset=300] added=18 missing=87
[r5 offset=400] added=7 missing=87
[r6 offset=500] added=7 missing=87
[r7 offset=600] added=15 missing=87
[r8 offset=700] added=5 missing=87
[r9 offset=800] added=16 missing=87
[r10 offset=900] added=10 missing=87
[r11 offset=1000] added=19 missing=87
[r12 offset=1100] added=16 missing=87
[r13 offset=1200] added=12 missing=87
[r14 offset=1300] added=9 missing=87
[r15 offset=1400] added=4 missing=87
[r16 offset=1500] added=8 missing=87
[r17 offset=1600] added=17 missing=87
[r18 offset=1700] added=5 missing=87
[r19 offset=1800] added=1 missing=87
[r20 offset=1900] added=3 missing=87
[r21 offset=2000] added=2 missing=86
[r22 offset=2100] added=0 missing=86
[r23 offset=2200] added=0 missing=86
[r24 offset=2300] added=0 missing=86
[r25 offset=2400] added=1 missing=86
[r26 offset=2500] added=0 missing=86
[r27 offset=2600] added=1 missing=86
[r28 offset=2700] added=2 missing=86
[r29 offset=2800] added=0 missing=86
[r30 offset=2900] added=0 missing=86
[r31 offset=3000] added=0 missing=86
[r32 offset=3100] added=2 missing=86
[r33 offset=3200] added=0 missing=86
[r34 offset=3300] added=0 missing=86
[r35 offset=3400] added=0 missing=86
[r36 offset=3500] added=0 missing=86
[r37 offset=3600] added=0 missing=86
[r38 offset=3700] added=0 missing=86
[r39 offset=3800] added=0 missing=86
[r40 offset=3900] added=0 missing=86
[r41 offset=4000] added=1 missing=86
[r42 offset=4100] added=0 missing=86
[r43 offset=4200] added=1 missing=86
[r44 offset=4300] added=0 missing=86
[r45 offset=4400] added=0 missing=86
[r46 offset=4500] added=1 missing=86
[r47 offset=4600] added=1 missing=86
[r48 offset=4700] added=1 missing=86
[r49 offset=4800] added=0 missing=86
[r50 offset=4900] added=0 missing=86
[r51 offset=5000] added=1 missing=86
[r52 offset=5100] added=1 missing=86
[r53 offset=5200] added=1 missing=86
[r54 offset=5300] added=1 missing=86
[r55 offset=5400] added=0 missing=86
[r56 offset=5500] added=0 missing=86
[r57 offset=5600] added=3 missing=86
[r58 offset=5700] added=0 missing=86
[r59 offset=5800] added=1 missing=86
[r60 offset=5900] added=2 missing=86
[r61 offset=6000] added=2 missing=86
[r62 offset=6100] added=0 missing=86
[r63 offset=6200] added=0 missing=86
[r64 offset=6300] added=0 missing=86
[r65 offset=6400] added=1 missing=86
[r66 offset=6500] added=2 missing=86
[r67 offset=6600] added=1 missing=86
[r68 offset=6700] added=0 missing=86
[r69 offset=6800] added=3 missing=86
[r70 offset=6900] added=0 missing=86
[r71 offset=7000] added=3 missing=86
[r72 offset=7100] added=0 missing=86
[r73 offset=7200] added=0 missing=86
[r74 offset=7300] added=0 missing=86
[r75 offset=7400] added=1 missing=86
[r76 offset=7500] added=0 missing=86
[r77 offset=7600] added=1 missing=86
[r78 offset=7700] added=0 missing=86
[r79 offset=7800] added=2 missing=86
[r80 offset=7900] added=0 missing=86
[r81 offset=8000] added=0 missing=86
[r82 offset=8100] added=0 missing=86
[r83 offset=8200] added=1 missing=86
[r84 offset=8300] added=0 missing=86
[r85 offset=8400] added=0 missing=86
[r86 offset=8500] added=0 missing=86
[r87 offset=8600] added=3 missing=86
[r88 offset=8700] added=0 missing=86
[r89 offset=8800] added=1 missing=86
[r90 offset=8900] added=0 missing=86
[r91 offset=9000] added=0 missing=86
[r92 offset=9100] added=1 missing=86
[r93 offset=9200] added=0 missing=86
[r94 offset=9300] added=3 missing=86
[r95 offset=9400] added=0 missing=86
[r96 offset=9500] added=0 missing=86
[r97 offset=9600] added=0 missing=86
[r98 offset=9700] added=2 missing=86
[r99 offset=9800] added=0 missing=86
[r100 offset=9900] added=0 missing=86
[r101 offset=10000] added=2 missing=86
[r102 offset=10100] added=0 missing=86
[r103 offset=10200] added=1 missing=86
[r104 offset=10300] added=0 missing=86
[r105 offset=10400] added=2 missing=86
[r106 offset=10500] added=0 missing=86
[r107 offset=10600] added=1 missing=86
[r108 offset=10700] added=0 missing=86
[r109 offset=10800] added=1 missing=86
[r110 offset=10900] added=4 missing=85
[r111 offset=11000] added=1 missing=85
[r112 offset=11100] added=3 missing=85
[r113 offset=11200] added=0 missing=85
[r114 offset=11300] added=0 missing=85
[r115 offset=11400] added=0 missing=85
[r116 offset=11500] added=0 missing=85
[r117 offset=11600] added=0 missing=85
[r118 offset=11700] added=1 missing=85
[r119 offset=11800] added=0 missing=85
[r120 offset=11900] added=0 missing=85
NEW_LABEL 2W
[r121 offset=12000] added=5 missing=86
[r122 offset=12100] added=7 missing=86
[r123 offset=12200] added=3 missing=86
[r124 offset=12300] added=2 missing=86
[r125 offset=12400] added=2 missing=86
[r126 offset=12500] added=0 missing=86
[r127 offset=12600] added=0 missing=86
[r128 offset=12700] added=1 missing=86
[r129 offset=12800] added=0 missing=86
[r130 offset=12900] added=0 missing=86
[r131 offset=13000] added=0 missing=86
[r132 offset=13100] added=1 missing=86
[r133 offset=13200] added=0 missing=86
[r134 offset=13300] added=0 missing=86
[r135 offset=13400] added=0 missing=86
[r136 offset=13500] added=0 missing=86
[r137 offset=13600] added=1 missing=86
[r138 offset=13700] added=3 missing=86
[r139 offset=13800] added=1 missing=86
[r140 offset=13900] added=0 missing=86
[r141 offset=14000] added=0 missing=86
[r142 offset=14100] added=0 missing=86
[r143 offset=14200] added=2 missing=86
NEW_LABEL 8M
[r144 offset=14300] added=1 missing=87
[r145 offset=14400] added=0 missing=87
[r146 offset=14500] added=2 missing=87
[r147 offset=14600] added=0 missing=87
[r148 offset=14700] added=0 missing=87
[r149 offset=14800] added=1 missing=87
[r150 offset=14900] added=1 missing=87
[r151 offset=15000] added=2 missing=87
[r152 offset=15100] added=0 missing=87
[r153 offset=15200] added=0 missing=87
[r154 offset=15300] added=1 missing=87
[r155 offset=15400] added=3 missing=87
[r156 offset=15500] added=0 missing=87
[r157 offset=15600] added=0 missing=87
[r158 offset=15700] added=0 missing=87
[r159 offset=15800] added=2 missing=87
[r160 offset=15900] added=0 missing=87
[r161 offset=16000] added=0 missing=87
[r162 offset=16100] added=1 missing=87
[r163 offset=16200] added=1 missing=87
[r164 offset=16300] added=3 missing=87
[r165 offset=16400] added=1 missing=87
[r166 offset=16500] added=0 missing=87
[r167 offset=16600] added=0 missing=87
[r168 offset=16700] added=0 missing=87
[r169 offset=16800] added=0 missing=87
[r170 offset=16900] added=0 missing=87
[r171 offset=17000] added=0 missing=87
[r172 offset=17100] added=0 missing=87
[r173 offset=17200] added=0 missing=87
[r174 offset=17300] added=1 missing=87
[r175 offset=17400] added=0 missing=87
[r176 offset=17500] added=0 missing=87
[r177 offset=17600] added=0 missing=87
[r178 offset=17700] added=0 missing=87
[r179 offset=17800] added=0 missing=87
[r180 offset=17900] added=0 missing=87
[r181 offset=18000] added=0 missing=87
[r182 offset=18100] added=0 missing=87
[r183 offset=18200] added=0 missing=87
[r184 offset=18300] added=1 missing=87
[r185 offset=18400] added=0 missing=87
[r186 offset=18500] added=2 missing=87
[r187 offset=18600] added=2 missing=87
[r188 offset=18700] added=1 missing=87
[r189 offset=18800] added=2 missing=87
NEW_LABEL 3W
[r190 offset=18900] added=2 missing=88
NEW_LABEL 1X
[r191 offset=19000] added=2 missing=89
[r192 offset=19100] added=0 missing=89
[r193 offset=19200] added=1 missing=89
[r194 offset=19300] added=0 missing=89
[r195 offset=19400] added=0 missing=89
[r196 offset=19500] added=0 missing=89
[r197 offset=19600] added=0 missing=89
[r198 offset=19700] added=0 missing=89
[r199 offset=19800] added=1 missing=89
[r200 offset=19900] added=0 missing=89
[r201 offset=20000] added=0 missing=89
[r202 offset=20100] added=0 missing=89
[r203 offset=20200] added=1 missing=89
[r204 offset=20300] added=2 missing=89
[r205 offset=20400] added=0 missing=89
[r206 offset=20500] added=0 missing=89
[r207 offset=20600] added=3 missing=89
[r208 offset=20700] added=2 missing=89
[r209 offset=20800] added=0 missing=89
[r210 offset=20900] added=0 missing=89
[r211 offset=21000] added=1 missing=89
[r212 offset=21100] added=0 missing=89
[r213 offset=21200] added=0 missing=89
[r214 offset=21300] added=0 missing=89
[r215 offset=21400] added=0 missing=89
[r216 offset=21500] added=1 missing=89
[r217 offset=21600] added=0 missing=89
[r218 offset=21700] added=0 missing=89
[r219 offset=21800] added=1 missing=89
[r220 offset=21900] added=2 missing=89
[r221 offset=22000] added=0 missing=89
[r222 offset=22100] added=2 missing=89
[r223 offset=22200] added=1 missing=89
[r224 offset=22300] added=1 missing=89
[r225 offset=22400] added=0 missing=89
[r226 offset=22500] added=0 missing=89
[r227 offset=22600] added=1 missing=89
[r228 offset=22700] added=1 missing=89
[r229 offset=22800] added=0 missing=89
[r230 offset=22900] added=2 missing=89
[r231 offset=23000] added=1 missing=89
[r232 offset=23100] added=0 missing=89
[r233 offset=23200] added=0 missing=89
[r234 offset=23300] added=0 missing=89
[r235 offset=23400] added=0 missing=89
[r236 offset=23500] added=1 missing=89
[r237 offset=23600] added=0 missing=89
[r238 offset=23700] added=0 missing=89
[r239 offset=23800] added=0 missing=89
[r240 offset=23900] added=1 missing=89
[r241 offset=24000] added=0 missing=89
[r242 offset=24100] added=1 missing=89
[r243 offset=24200] added=0 missing=89
[r244 offset=24300] added=0 missing=89
[r245 offset=24400] added=0 missing=89
NEW_LABEL 8O
[r246 offset=24500] added=1 missing=90
[r247 offset=24600] added=0 missing=90
[r248 offset=24700] added=0 missing=90
[r249 offset=24800] added=1 missing=90
[r250 offset=24900] added=0 missing=90
[r251 offset=25000] added=2 missing=90
[r252 offset=25100] added=1 missing=90
[r253 offset=25200] added=0 missing=90
[r254 offset=25300] added=0 missing=90
[r255 offset=25400] added=0 missing=90
[r256 offset=25500] added=0 missing=90
[r257 offset=25600] added=0 missing=90
[r258 offset=25700] added=0 missing=90
[r259 offset=25800] added=0 missing=90
[r260 offset=25900] added=1 missing=90
[r261 offset=26000] added=1 missing=90
[r262 offset=26100] added=0 missing=90
[r263 offset=26200] added=2 missing=90
[r264 offset=26300] added=0 missing=90
[r265 offset=26400] added=0 missing=90
[r266 offset=26500] added=0 missing=90
[r267 offset=26600] added=1 missing=90
[r268 offset=26700] added=0 missing=90
[r269 offset=26800] added=0 missing=90
[r270 offset=26900] added=0 missing=90
[r271 offset=27000] added=0 missing=90
[r272 offset=27100] added=1 missing=90
[r273 offset=27200] added=3 missing=90
[r274 offset=27300] added=0 missing=90
[r275 offset=27400] added=0 missing=90
[r276 offset=27500] added=0 missing=90
[r277 offset=27600] added=0 missing=90
[r278 offset=27700] added=0 missing=90
[r279 offset=27800] added=0 missing=90
[r280 offset=27900] added=0 missing=90
[r281 offset=28000] added=2 missing=90
[r282 offset=28100] added=1 missing=90
[r283 offset=28200] added=1 missing=90
[r284 offset=28300] added=1 missing=90
[r285 offset=28400] added=1 missing=90
[r286 offset=28500] added=0 missing=90
[r287 offset=28600] added=1 missing=90
[r288 offset=28700] added=0 missing=90
[r289 offset=28800] added=0 missing=90
[r290 offset=28900] added=0 missing=90
[r291 offset=29000] added=0 missing=90
[r292 offset=29100] added=0 missing=90
[r293 offset=29200] added=0 missing=90
[r294 offset=29300] added=0 missing=90
[r295 offset=29400] added=0 missing=90
[r296 offset=29500] added=1 missing=90
[r297 offset=29600] added=3 missing=90
[r298 offset=29700] added=0 missing=90
[r299 offset=29800] added=0 missing=90
[r300 offset=29900] added=1 missing=90
[r301 offset=30000] added=1 missing=90
[r302 offset=30100] added=0 missing=90
[r303 offset=30200] added=0 missing=90
[r304 offset=30300] added=1 missing=90
[r305 offset=30400] added=2 missing=90
[r306 offset=30500] added=0 missing=90
[r307 offset=30600] added=0 missing=90
[r308 offset=30700] added=0 missing=90
[r309 offset=30800] added=0 missing=90
[r310 offset=30900] added=0 missing=90
[r311 offset=31000] added=6 missing=90
[r312 offset=31100] added=0 missing=90
[r313 offset=31200] added=0 missing=90
[r314 offset=31300] added=2 missing=90
[r315 offset=31400] added=1 missing=90
[r316 offset=31500] added=2 missing=90
[r317 offset=31600] added=1 missing=90
[r318 offset=31700] added=0 missing=90
[r319 offset=31800] added=0 missing=90
[r320 offset=31900] added=0 missing=90
[r321 offset=32000] added=1 missing=90
[r322 offset=32100] added=0 missing=90
[r323 offset=32200] added=0 missing=90
[r324 offset=32300] added=1 missing=90
[r325 offset=32400] added=1 missing=90
[r326 offset=32500] added=1 missing=90
[r327 offset=32600] added=1 missing=90
[r328 offset=32700] added=0 missing=90
[r329 offset=32800] added=0 missing=90
[r330 offset=32900] added=0 missing=90
[r331 offset=33000] added=0 missing=90
[r332 offset=33100] added=0 missing=90
[r333 offset=33200] added=0 missing=90
[r334 offset=33300] added=0 missing=90
[r335 offset=33400] added=0 missing=90
[r336 offset=33500] added=2 missing=90
[r337 offset=33600] added=1 missing=90
[r338 offset=33700] added=2 missing=90
[r339 offset=33800] added=0 missing=90
[r340 offset=33900] added=0 missing=90
[r341 offset=34000] added=1 missing=90
[r342 offset=34100] added=2 missing=90
[r343 offset=34200] added=0 missing=90
[r344 offset=34300] added=0 missing=90
[r345 offset=34400] added=0 missing=90
[r346 offset=34500] added=1 missing=90
[r347 offset=34600] added=0 missing=90
[r348 offset=34700] added=0 missing=90
[r349 offset=34800] added=0 missing=90
[r350 offset=34900] added=0 missing=90
[r351 offset=35000] added=1 missing=90
[r352 offset=35100] added=0 missing=90
[r353 offset=35200] added=1 missing=90
[r354 offset=35300] added=3 missing=90
[r355 offset=35400] added=0 missing=90
[r356 offset=35500] added=1 missing=90
[r357 offset=35600] added=0 missing=90
[r358 offset=35700] added=0 missing=90
[r359 offset=35800] added=0 missing=90
[r360 offset=35900] added=0 missing=90
[r361 offset=36000] added=0 missing=90
[r362 offset=36100] added=0 missing=90
[r363 offset=36200] added=0 missing=90
NEW_LABEL 1R
[r364 offset=36300] added=2 missing=91
[r365 offset=36400] added=1 missing=91
[r366 offset=36500] added=0 missing=91
[r367 offset=36600] added=1 missing=91
[r368 offset=36700] added=1 missing=91
[r369 offset=36800] added=0 missing=91
[r370 offset=36900] added=1 missing=91
[r371 offset=37000] added=0 missing=91
[r372 offset=37100] added=0 missing=91
[r373 offset=37200] added=0 missing=91
[r374 offset=37300] added=1 missing=91
[r375 offset=37400] added=1 missing=91
[r376 offset=37500] added=1 missing=91
[r377 offset=37600] added=3 missing=91
[r378 offset=37700] added=1 missing=91
[r379 offset=37800] added=0 missing=91
[r380 offset=37900] added=0 missing=91
[r381 offset=38000] added=0 missing=91
[r382 offset=38100] added=0 missing=91
[r383 offset=38200] added=0 missing=91
[r384 offset=38300] added=0 missing=91
[r385 offset=38400] added=0 missing=91
[r386 offset=38500] added=1 missing=91
[r387 offset=38600] added=0 missing=91
[r388 offset=38700] added=1 missing=91
[r389 offset=38800] added=0 missing=91
[r390 offset=38900] added=0 missing=91
[r391 offset=39000] added=5 missing=91
[r392 offset=39100] added=0 missing=91
[r393 offset=39200] added=0 missing=91
[r394 offset=39300] added=0 missing=91
NEW_LABEL RS
[r395 offset=39400] added=2 missing=92
[r396 offset=39500] added=0 missing=92
[r397 offset=39600] added=7 missing=92
[r398 offset=39700] added=7 missing=92
[r399 offset=39800] added=3 missing=92
[r400 offset=39900] added=1 missing=92
[r401 offset=40000] added=9 missing=91
[r402 offset=40100] added=0 missing=91
[r403 offset=40200] added=1 missing=91
[r404 offset=40300] added=0 missing=91
[r405 offset=40400] added=4 missing=91
[r406 offset=40500] added=1 missing=91
[r407 offset=40600] added=0 missing=91
[r408 offset=40700] added=0 missing=91
[r409 offset=40800] added=1 missing=91
[r410 offset=40900] added=1 missing=91
[r411 offset=41000] added=1 missing=91
[r412 offset=41100] added=0 missing=91
[r413 offset=41200] added=0 missing=91
[r414 offset=41300] added=3 missing=91
[r415 offset=41400] added=1 missing=91
[r416 offset=41500] added=0 missing=91
[r417 offset=41600] added=0 missing=91
[r418 offset=41700] added=0 missing=91
[r419 offset=41800] added=1 missing=91
[r420 offset=41900] added=0 missing=91
[r421 offset=42000] added=0 missing=91
[r422 offset=42100] added=0 missing=91
[r423 offset=42200] added=0 missing=91
[r424 offset=42300] added=0 missing=91
[r425 offset=42400] added=0 missing=91
[r426 offset=42500] added=2 missing=91
[r427 offset=42600] added=4 missing=91
[r428 offset=42700] added=0 missing=91
[r429 offset=42800] added=0 missing=91
[r430 offset=42900] added=0 missing=91
[r431 offset=43000] added=0 missing=91
[r432 offset=43100] added=3 missing=91
[r433 offset=43200] added=0 missing=91
[r434 offset=43300] added=0 missing=91
[r435 offset=43400] added=3 missing=91
[r436 offset=43500] added=0 missing=91
[r437 offset=43600] added=0 missing=91
[r438 offset=43700] added=0 missing=91
[r439 offset=43800] added=2 missing=91
[r440 offset=43900] added=0 missing=91
[r441 offset=44000] added=2 missing=91
[r442 offset=44100] added=0 missing=91
[r443 offset=44200] added=0 missing=91
[r444 offset=44300] added=1 missing=91
[r445 offset=44400] added=1 missing=91
[r446 offset=44500] added=0 missing=91
[r447 offset=44600] added=2 missing=91
[r448 offset=44700] added=1 missing=91
[r449 offset=44800] added=0 missing=91
[r450 offset=44900] added=1 missing=91
[r451 offset=45000] added=0 missing=91
[r452 offset=45100] added=2 missing=91
[r453 offset=45200] added=0 missing=91
[r454 offset=45300] added=0 missing=91
[r455 offset=45400] added=0 missing=91
[r456 offset=45500] added=0 missing=91
[r457 offset=45600] added=0 missing=91
[r458 offset=45700] added=0 missing=91
[r459 offset=45800] added=0 missing=91
[r460 offset=45900] added=0 missing=91
[r461 offset=46000] added=0 missing=91
[r462 offset=46100] added=0 missing=91
[r463 offset=46200] added=1 missing=91
[r464 offset=46300] added=1 missing=91
[r465 offset=46400] added=2 missing=91
[r466 offset=46500] added=0 missing=91
[r467 offset=46600] added=0 missing=91
[r468 offset=46700] added=0 missing=91
[r469 offset=46800] added=0 missing=91
[r470 offset=46900] added=0 missing=91
[r471 offset=47000] added=2 missing=91
[r472 offset=47100] added=3 missing=91
[r473 offset=47200] added=0 missing=91
[r474 offset=47300] added=1 missing=91
[r475 offset=47400] added=1 missing=91
[r476 offset=47500] added=0 missing=91
[r477 offset=47600] added=1 missing=91
[r478 offset=47700] added=1 missing=91
